# JRE version: Java(TM) SE Runtime Environment (11.0+28) (build 11+28)
# Java VM: Java HotSpot(TM) 64-Bit Server VM (11+28, mixed mode, tiered, compressed oops, g1 gc, windows-amd64)
Heap:
 garbage-first heap   total 268288K, used 220351K [0x0000000741c00000, 0x0000000800000000)
  region size 1024K, 135 young (138240K), 1 survivors (1024K)
 Metaspace       used 24983K, capacity 25767K, committed 25980K, reserved 1073152K
  class space    used 2567K, capacity 2889K, committed 3020K, reserved 1048576K
GC Heap History (10 events):
Event: 35.496 GC heap before
{Heap before GC invocations=85 (full 0):
 garbage-first heap   total 268288K, used 237699K [0x0000000741c00000, 0x0000000800000000)
  region size 1024K, 151 young (154624K), 1 survivors (1024K)
 Metaspace       used 24884K, capacity 25602K, committed 25852K, reserved 1073152K
  class space    used 2546K, capacity 2833K, committed 2892K, reserved 1048576K
}
Event: 35.497 GC heap after
{Heap after GC invocations=86 (full 0):
 garbage-first heap   total 268288K, used 84103K [0x0000000741c00000, 0x0000000800000000)
  region size 1024K, 1 young (1024K), 1 survivors (1024K)
 Metaspace       used 24884K, capacity 25602K, committed 25852K, reserved 1073152K
  class space    used 2546K, capacity 2833K, committed 2892K, reserved 1048576K
}
Event: 35.584 GC heap before
{Heap before GC invocations=86 (full 0):
 garbage-first heap   total 268288K, used 238727K [0x0000000741c00000, 0x0000000800000000)
  region size 1024K, 153 young (156672K), 1 survivors (1024K)
 Metaspace       used 24884K, capacity 25602K, committed 25852K, reserved 1073152K
  class space    used 2546K, capacity 2833K, committed 2892K, reserved 1048576K
}
Event: 35.585 GC heap after
{Heap after GC invocations=87 (full 0):
 garbage-first heap   total 268288K, used 84105K [0x0000000741c00000, 0x0000000800000000)
  region size 1024K, 1 young (1024K), 1 survivors (1024K)
 Metaspace       used 24884K, capacity 25602K, committed 25852K, reserved 1073152K
  class space    used 2546K, capacity 2833K, committed 2892K, reserved 1048576K
}
Event: 35.674 GC heap before
{Heap before GC invocations=87 (full 0):
 garbage-first heap   total 268288K, used 243849K [0x0000000741c00000, 0x0000000800000000)
  region size 1024K, 158 young (161792K), 1 survivors (1024K)
 Metaspace       used 24947K, capacity 25665K, committed 25852K, reserved 1073152K
  class space    used 2560K, capacity 2855K, committed 2892K, reserved 1048576K
}
Event: 35.675 GC heap after
{Heap after GC invocations=88 (full 0):
 garbage-first heap   total 268288K, used 84150K [0x0000000741c00000, 0x0000000800000000)
  region size 1024K, 1 young (1024K), 1 survivors (1024K)
 Metaspace       used 24947K, capacity 25665K, committed 25852K, reserved 1073152K
  class space    used 2560K, capacity 2855K, committed 2892K, reserved 1048576K
}
Event: 35.769 GC heap before
{Heap before GC invocations=88 (full 0):
 garbage-first heap   total 268288K, used 238774K [0x0000000741c00000, 0x0000000800000000)
  region size 1024K, 153 young (156672K), 1 survivors (1024K)
 Metaspace       used 24949K, capacity 25665K, committed 25852K, reserved 1073152K
  class space    used 2560K, capacity 2855K, committed 2892K, reserved 1048576K
}
Event: 35.770 GC heap after
{Heap after GC invocations=89 (full 0):
 garbage-first heap   total 268288K, used 84152K [0x0000000741c00000, 0x0000000800000000)
  region size 1024K, 1 young (1024K), 1 survivors (1024K)
 Metaspace       used 24949K, capacity 25665K, committed 25852K, reserved 1073152K
  class space    used 2560K, capacity 2855K, committed 2892K, reserved 1048576K
}
Event: 35.865 GC heap before
{Heap before GC invocations=89 (full 0):
 garbage-first heap   total 268288K, used 237752K [0x0000000741c00000, 0x0000000800000000)
  region size 1024K, 152 young (155648K), 1 survivors (1024K)
 Metaspace       used 24969K, capacity 25703K, committed 25980K, reserved 1073152K
  class space    used 2565K, capacity 2889K, committed 3020K, reserved 1048576K
}
Event: 35.866 GC heap after
{Heap after GC invocations=90 (full 0):
 garbage-first heap   total 268288K, used 84159K [0x0000000741c00000, 0x0000000800000000)
  region size 1024K, 1 young (1024K), 1 survivors (1024K)
 Metaspace       used 24969K, capacity 25703K, committed 25980K, reserved 1073152K
  class space    used 2565K, capacity 2889K, committed 3020K, reserved 1048576K
}

