# JRE version: Java(TM) SE Runtime Environment (11.0+28) (build 11+28)
# Java VM: Java HotSpot(TM) 64-Bit Server VM (11+28, mixed mode, tiered, compressed oops, g1 gc, windows-amd64)
Heap:
 garbage-first heap   total 198656K, used 160010K [0x0000000741c00000, 0x0000000800000000)
  region size 1024K, 47 young (48128K), 1 survivors (1024K)
 Metaspace       used 21899K, capacity 22483K, committed 22656K, reserved 1069056K
  class space    used 2316K, capacity 2589K, committed 2688K, reserved 1048576K
GC Heap History (10 events):
Event: 4.303 GC heap before
{Heap before GC invocations=4 (full 0):
 garbage-first heap   total 198656K, used 143757K [0x0000000741c00000, 0x0000000800000000)
  region size 1024K, 52 young (53248K), 1 survivors (1024K)
 Metaspace       used 17806K, capacity 18216K, committed 18432K, reserved 1064960K
  class space    used 1779K, capacity 1946K, committed 2048K, reserved 1048576K
}
Event: 4.304 GC heap after
{Heap after GC invocations=5 (full 0):
 garbage-first heap   total 198656K, used 91534K [0x0000000741c00000, 0x0000000800000000)
  region size 1024K, 1 young (1024K), 1 survivors (1024K)
 Metaspace       used 17806K, capacity 18216K, committed 18432K, reserved 1064960K
  class space    used 1779K, capacity 1946K, committed 2048K, reserved 1048576K
}
Event: 4.342 GC heap before
{Heap before GC invocations=6 (full 0):
 garbage-first heap   total 198656K, used 147854K [0x0000000741c00000, 0x0000000800000000)
  region size 1024K, 56 young (57344K), 1 survivors (1024K)
 Metaspace       used 17899K, capacity 18318K, committed 18432K, reserved 1064960K
  class space    used 1805K, capacity 1980K, committed 2048K, reserved 1048576K
}
Event: 4.343 GC heap after
{Heap after GC invocations=7 (full 0):
 garbage-first heap   total 198656K, used 91558K [0x0000000741c00000, 0x0000000800000000)
  region size 1024K, 1 young (1024K), 1 survivors (1024K)
 Metaspace       used 17899K, capacity 18318K, committed 18432K, reserved 1064960K
  class space    used 1805K, capacity 1980K, committed 2048K, reserved 1048576K
}
Event: 4.367 GC heap before
{Heap before GC invocations=7 (full 0):
 garbage-first heap   total 198656K, used 150950K [0x0000000741c00000, 0x0000000800000000)
  region size 1024K, 59 young (60416K), 1 survivors (1024K)
 Metaspace       used 17899K, capacity 18318K, committed 18432K, reserved 1064960K
  class space    used 1805K, capacity 1980K, committed 2048K, reserved 1048576K
}
Event: 4.368 GC heap after
{Heap after GC invocations=8 (full 0):
 garbage-first heap   total 198656K, used 91595K [0x0000000741c00000, 0x0000000800000000)
  region size 1024K, 1 young (1024K), 1 survivors (1024K)
 Metaspace       used 17899K, capacity 18318K, committed 18432K, reserved 1064960K
  class space    used 1805K, capacity 1980K, committed 2048K, reserved 1048576K
}
Event: 4.409 GC heap before
{Heap before GC invocations=9 (full 0):
 garbage-first heap   total 198656K, used 155083K [0x0000000741c00000, 0x0000000800000000)
  region size 1024K, 63 young (64512K), 1 survivors (1024K)
 Metaspace       used 17899K, capacity 18318K, committed 18432K, reserved 1064960K
  class space    used 1805K, capacity 1980K, committed 2048K, reserved 1048576K
}
Event: 4.410 GC heap after
{Heap after GC invocations=10 (full 0):
 garbage-first heap   total 198656K, used 91603K [0x0000000741c00000, 0x0000000800000000)
  region size 1024K, 1 young (1024K), 1 survivors (1024K)
 Metaspace       used 17899K, capacity 18318K, committed 18432K, reserved 1064960K
  class space    used 1805K, capacity 1980K, committed 2048K, reserved 1048576K
}
Event: 4.715 GC heap before
{Heap before GC invocations=10 (full 0):
 garbage-first heap   total 198656K, used 158163K [0x0000000741c00000, 0x0000000800000000)
  region size 1024K, 66 young (67584K), 1 survivors (1024K)
 Metaspace       used 21263K, capacity 21925K, committed 22016K, reserved 1069056K
  class space    used 2266K, capacity 2553K, committed 2560K, reserved 1048576K
}
Event: 4.718 GC heap after
{Heap after GC invocations=11 (full 0):
 garbage-first heap   total 198656K, used 92426K [0x0000000741c00000, 0x0000000800000000)
  region size 1024K, 1 young (1024K), 1 survivors (1024K)
 Metaspace       used 21263K, capacity 21925K, committed 22016K, reserved 1069056K
  class space    used 2266K, capacity 2553K, committed 2560K, reserved 1048576K
}

