# JRE version: Java(TM) SE Runtime Environment (11.0+28) (build 11+28)
# Java VM: Java HotSpot(TM) 64-Bit Server VM (11+28, mixed mode, tiered, compressed oops, g1 gc, windows-amd64)
Heap:
 garbage-first heap   total 196608K, used 85553K [0x0000000741c00000, 0x0000000800000000)
  region size 1024K, 5 young (5120K), 1 survivors (1024K)
 Metaspace       used 21854K, capacity 22433K, committed 22780K, reserved 1069056K
  class space    used 2321K, capacity 2614K, committed 2688K, reserved 1048576K
GC Heap History (10 events):
Event: 4.157 GC heap before
{Heap before GC invocations=3 (full 0):
 garbage-first heap   total 196608K, used 149363K [0x0000000741c00000, 0x0000000800000000)
  region size 1024K, 97 young (99328K), 10 survivors (10240K)
 Metaspace       used 17832K, capacity 18280K, committed 18432K, reserved 1064960K
  class space    used 1782K, capacity 1946K, committed 2048K, reserved 1048576K
}
Event: 4.160 GC heap after
{Heap after GC invocations=4 (full 0):
 garbage-first heap   total 196608K, used 60454K [0x0000000741c00000, 0x0000000800000000)
  region size 1024K, 1 young (1024K), 1 survivors (1024K)
 Metaspace       used 17832K, capacity 18280K, committed 18432K, reserved 1064960K
  class space    used 1782K, capacity 1946K, committed 2048K, reserved 1048576K
}
Event: 4.188 GC heap before
{Heap before GC invocations=4 (full 0):
 garbage-first heap   total 196608K, used 151590K [0x0000000741c00000, 0x0000000800000000)
  region size 1024K, 91 young (93184K), 1 survivors (1024K)
 Metaspace       used 17923K, capacity 18382K, committed 18688K, reserved 1067008K
  class space    used 1807K, capacity 1980K, committed 2048K, reserved 1048576K
}
Event: 4.189 GC heap after
{Heap after GC invocations=5 (full 0):
 garbage-first heap   total 196608K, used 60281K [0x0000000741c00000, 0x0000000800000000)
  region size 1024K, 1 young (1024K), 1 survivors (1024K)
 Metaspace       used 17923K, capacity 18382K, committed 18688K, reserved 1067008K
  class space    used 1807K, capacity 1980K, committed 2048K, reserved 1048576K
}
Event: 4.215 GC heap before
{Heap before GC invocations=5 (full 0):
 garbage-first heap   total 196608K, used 156537K [0x0000000741c00000, 0x0000000800000000)
  region size 1024K, 95 young (97280K), 1 survivors (1024K)
 Metaspace       used 17925K, capacity 18382K, committed 18688K, reserved 1067008K
  class space    used 1807K, capacity 1980K, committed 2048K, reserved 1048576K
}
Event: 4.216 GC heap after
{Heap after GC invocations=6 (full 0):
 garbage-first heap   total 196608K, used 60300K [0x0000000741c00000, 0x0000000800000000)
  region size 1024K, 1 young (1024K), 1 survivors (1024K)
 Metaspace       used 17925K, capacity 18382K, committed 18688K, reserved 1067008K
  class space    used 1807K, capacity 1980K, committed 2048K, reserved 1048576K
}
Event: 4.339 GC heap before
{Heap before GC invocations=6 (full 0):
 garbage-first heap   total 196608K, used 158604K [0x0000000741c00000, 0x0000000800000000)
  region size 1024K, 97 young (99328K), 1 survivors (1024K)
 Metaspace       used 18175K, capacity 18677K, committed 18816K, reserved 1067008K
  class space    used 1855K, capacity 2080K, committed 2176K, reserved 1048576K
}
Event: 4.340 GC heap after
{Heap after GC invocations=7 (full 0):
 garbage-first heap   total 196608K, used 60446K [0x0000000741c00000, 0x0000000800000000)
  region size 1024K, 1 young (1024K), 1 survivors (1024K)
 Metaspace       used 18175K, capacity 18677K, committed 18816K, reserved 1067008K
  class space    used 1855K, capacity 2080K, committed 2176K, reserved 1048576K
}
Event: 4.534 GC heap before
{Heap before GC invocations=7 (full 0):
 garbage-first heap   total 196608K, used 86046K [0x0000000741c00000, 0x0000000800000000)
  region size 1024K, 27 young (27648K), 1 survivors (1024K)
 Metaspace       used 20701K, capacity 21236K, committed 21296K, reserved 1069056K
  class space    used 2175K, capacity 2428K, committed 2432K, reserved 1048576K
}
Event: 4.536 GC heap after
{Heap after GC invocations=8 (full 0):
 garbage-first heap   total 196608K, used 60977K [0x0000000741c00000, 0x0000000800000000)
  region size 1024K, 1 young (1024K), 1 survivors (1024K)
 Metaspace       used 20701K, capacity 21236K, committed 21296K, reserved 1069056K
  class space    used 2175K, capacity 2428K, committed 2432K, reserved 1048576K
}

