# JRE version: Java(TM) SE Runtime Environment (11.0+28) (build 11+28)
# Java VM: Java HotSpot(TM) 64-Bit Server VM (11+28, mixed mode, tiered, compressed oops, g1 gc, windows-amd64)
Heap:
 garbage-first heap   total 196608K, used 85673K [0x0000000741c00000, 0x0000000800000000)
  region size 1024K, 5 young (5120K), 1 survivors (1024K)
 Metaspace       used 21832K, capacity 22465K, committed 22780K, reserved 1069056K
  class space    used 2311K, capacity 2582K, committed 2636K, reserved 1048576K
GC Heap History (10 events):
Event: 4.131 GC heap before
{Heap before GC invocations=3 (full 0):
 garbage-first heap   total 196608K, used 149517K [0x0000000741c00000, 0x0000000800000000)
  region size 1024K, 97 young (99328K), 10 survivors (10240K)
 Metaspace       used 17926K, capacity 18414K, committed 18688K, reserved 1067008K
  class space    used 1806K, capacity 2012K, committed 2048K, reserved 1048576K
}
Event: 4.134 GC heap after
{Heap after GC invocations=4 (full 0):
 garbage-first heap   total 196608K, used 60582K [0x0000000741c00000, 0x0000000800000000)
  region size 1024K, 1 young (1024K), 1 survivors (1024K)
 Metaspace       used 17926K, capacity 18414K, committed 18688K, reserved 1067008K
  class space    used 1806K, capacity 2012K, committed 2048K, reserved 1048576K
}
Event: 4.163 GC heap before
{Heap before GC invocations=4 (full 0):
 garbage-first heap   total 196608K, used 152742K [0x0000000741c00000, 0x0000000800000000)
  region size 1024K, 91 young (93184K), 1 survivors (1024K)
 Metaspace       used 17931K, capacity 18414K, committed 18688K, reserved 1067008K
  class space    used 1808K, capacity 2012K, committed 2048K, reserved 1048576K
}
Event: 4.163 GC heap after
{Heap after GC invocations=5 (full 0):
 garbage-first heap   total 196608K, used 60417K [0x0000000741c00000, 0x0000000800000000)
  region size 1024K, 1 young (1024K), 1 survivors (1024K)
 Metaspace       used 17931K, capacity 18414K, committed 18688K, reserved 1067008K
  class space    used 1808K, capacity 2012K, committed 2048K, reserved 1048576K
}
Event: 4.194 GC heap before
{Heap before GC invocations=5 (full 0):
 garbage-first heap   total 196608K, used 155649K [0x0000000741c00000, 0x0000000800000000)
  region size 1024K, 94 young (96256K), 1 survivors (1024K)
 Metaspace       used 17934K, capacity 18414K, committed 18688K, reserved 1067008K
  class space    used 1808K, capacity 2012K, committed 2048K, reserved 1048576K
}
Event: 4.194 GC heap after
{Heap after GC invocations=6 (full 0):
 garbage-first heap   total 196608K, used 60417K [0x0000000741c00000, 0x0000000800000000)
  region size 1024K, 1 young (1024K), 1 survivors (1024K)
 Metaspace       used 17934K, capacity 18414K, committed 18688K, reserved 1067008K
  class space    used 1808K, capacity 2012K, committed 2048K, reserved 1048576K
}
Event: 4.303 GC heap before
{Heap before GC invocations=6 (full 0):
 garbage-first heap   total 196608K, used 158721K [0x0000000741c00000, 0x0000000800000000)
  region size 1024K, 97 young (99328K), 1 survivors (1024K)
 Metaspace       used 18184K, capacity 18741K, committed 19072K, reserved 1067008K
  class space    used 1855K, capacity 2080K, committed 2176K, reserved 1048576K
}
Event: 4.304 GC heap after
{Heap after GC invocations=7 (full 0):
 garbage-first heap   total 196608K, used 60556K [0x0000000741c00000, 0x0000000800000000)
  region size 1024K, 1 young (1024K), 1 survivors (1024K)
 Metaspace       used 18184K, capacity 18741K, committed 19072K, reserved 1067008K
  class space    used 1855K, capacity 2080K, committed 2176K, reserved 1048576K
}
Event: 4.476 GC heap before
{Heap before GC invocations=7 (full 0):
 garbage-first heap   total 196608K, used 86156K [0x0000000741c00000, 0x0000000800000000)
  region size 1024K, 27 young (27648K), 1 survivors (1024K)
 Metaspace       used 20689K, capacity 21236K, committed 21296K, reserved 1069056K
  class space    used 2170K, capacity 2428K, committed 2432K, reserved 1048576K
}
Event: 4.478 GC heap after
{Heap after GC invocations=8 (full 0):
 garbage-first heap   total 196608K, used 61097K [0x0000000741c00000, 0x0000000800000000)
  region size 1024K, 1 young (1024K), 1 survivors (1024K)
 Metaspace       used 20689K, capacity 21236K, committed 21296K, reserved 1069056K
  class space    used 2170K, capacity 2428K, committed 2432K, reserved 1048576K
}

