# JRE version: Java(TM) SE Runtime Environment (11.0+28) (build 11+28)
# Java VM: Java HotSpot(TM) 64-Bit Server VM (11+28, mixed mode, tiered, compressed oops, g1 gc, windows-amd64)
Heap:
 garbage-first heap   total 273408K, used 108309K [0x0000000741c00000, 0x0000000800000000)
  region size 1024K, 26 young (26624K), 1 survivors (1024K)
 Metaspace       used 24789K, capacity 25554K, committed 25728K, reserved 1073152K
  class space    used 2551K, capacity 2840K, committed 2944K, reserved 1048576K
GC Heap History (10 events):
Event: 30.037 GC heap before
{Heap before GC invocations=42 (full 0):
 garbage-first heap   total 273408K, used 245466K [0x0000000741c00000, 0x0000000800000000)
  region size 1024K, 160 young (163840K), 1 survivors (1024K)
 Metaspace       used 24748K, capacity 25484K, committed 25728K, reserved 1073152K
  class space    used 2545K, capacity 2838K, committed 2944K, reserved 1048576K
}
Event: 30.038 GC heap after
{Heap after GC invocations=43 (full 0):
 garbage-first heap   total 273408K, used 83679K [0x0000000741c00000, 0x0000000800000000)
  region size 1024K, 1 young (1024K), 1 survivors (1024K)
 Metaspace       used 24748K, capacity 25484K, committed 25728K, reserved 1073152K
  class space    used 2545K, capacity 2838K, committed 2944K, reserved 1048576K
}
Event: 30.136 GC heap before
{Heap before GC invocations=43 (full 0):
 garbage-first heap   total 273408K, used 242399K [0x0000000741c00000, 0x0000000800000000)
  region size 1024K, 156 young (159744K), 1 survivors (1024K)
 Metaspace       used 24750K, capacity 25484K, committed 25728K, reserved 1073152K
  class space    used 2545K, capacity 2838K, committed 2944K, reserved 1048576K
}
Event: 30.136 GC heap after
{Heap after GC invocations=44 (full 0):
 garbage-first heap   total 273408K, used 83681K [0x0000000741c00000, 0x0000000800000000)
  region size 1024K, 1 young (1024K), 1 survivors (1024K)
 Metaspace       used 24750K, capacity 25484K, committed 25728K, reserved 1073152K
  class space    used 2545K, capacity 2838K, committed 2944K, reserved 1048576K
}
Event: 30.238 GC heap before
{Heap before GC invocations=44 (full 0):
 garbage-first heap   total 273408K, used 251617K [0x0000000741c00000, 0x0000000800000000)
  region size 1024K, 165 young (168960K), 1 survivors (1024K)
 Metaspace       used 24757K, capacity 25484K, committed 25728K, reserved 1073152K
  class space    used 2545K, capacity 2838K, committed 2944K, reserved 1048576K
}
Event: 30.238 GC heap after
{Heap after GC invocations=45 (full 0):
 garbage-first heap   total 273408K, used 83694K [0x0000000741c00000, 0x0000000800000000)
  region size 1024K, 1 young (1024K), 1 survivors (1024K)
 Metaspace       used 24757K, capacity 25484K, committed 25728K, reserved 1073152K
  class space    used 2545K, capacity 2838K, committed 2944K, reserved 1048576K
}
Event: 30.338 GC heap before
{Heap before GC invocations=45 (full 0):
 garbage-first heap   total 273408K, used 243438K [0x0000000741c00000, 0x0000000800000000)
  region size 1024K, 157 young (160768K), 1 survivors (1024K)
 Metaspace       used 24757K, capacity 25484K, committed 25728K, reserved 1073152K
  class space    used 2545K, capacity 2838K, committed 2944K, reserved 1048576K
}
Event: 30.338 GC heap after
{Heap after GC invocations=46 (full 0):
 garbage-first heap   total 273408K, used 83698K [0x0000000741c00000, 0x0000000800000000)
  region size 1024K, 1 young (1024K), 1 survivors (1024K)
 Metaspace       used 24757K, capacity 25484K, committed 25728K, reserved 1073152K
  class space    used 2545K, capacity 2838K, committed 2944K, reserved 1048576K
}
Event: 30.445 GC heap before
{Heap before GC invocations=46 (full 0):
 garbage-first heap   total 273408K, used 243442K [0x0000000741c00000, 0x0000000800000000)
  region size 1024K, 157 young (160768K), 1 survivors (1024K)
 Metaspace       used 24777K, capacity 25490K, committed 25728K, reserved 1073152K
  class space    used 2549K, capacity 2840K, committed 2944K, reserved 1048576K
}
Event: 30.446 GC heap after
{Heap after GC invocations=47 (full 0):
 garbage-first heap   total 273408K, used 83711K [0x0000000741c00000, 0x0000000800000000)
  region size 1024K, 1 young (1024K), 1 survivors (1024K)
 Metaspace       used 24777K, capacity 25490K, committed 25728K, reserved 1073152K
  class space    used 2549K, capacity 2840K, committed 2944K, reserved 1048576K
}

