# JRE version: Java(TM) SE Runtime Environment (11.0+28) (build 11+28)
# Java VM: Java HotSpot(TM) 64-Bit Server VM (11+28, mixed mode, tiered, compressed oops, g1 gc, windows-amd64)
Heap:
 garbage-first heap   total 482304K, used 316719K [0x0000000741c00000, 0x0000000800000000)
  region size 1024K, 112 young (114688K), 1 survivors (1024K)
 Metaspace       used 31298K, capacity 32044K, committed 32376K, reserved 1077248K
  class space    used 3277K, capacity 3614K, committed 3704K, reserved 1048576K
GC Heap History (10 events):
Event: 42.644 GC heap before
{Heap before GC invocations=71 (full 0):
 garbage-first heap   total 482304K, used 429322K [0x0000000741c00000, 0x0000000800000000)
  region size 1024K, 221 young (226304K), 1 survivors (1024K)
 Metaspace       used 31247K, capacity 31974K, committed 32120K, reserved 1077248K
  class space    used 3271K, capacity 3612K, committed 3704K, reserved 1048576K
}
Event: 42.644 GC heap after
{Heap after GC invocations=72 (full 0):
 garbage-first heap   total 482304K, used 204044K [0x0000000741c00000, 0x0000000800000000)
  region size 1024K, 1 young (1024K), 1 survivors (1024K)
 Metaspace       used 31247K, capacity 31974K, committed 32120K, reserved 1077248K
  class space    used 3271K, capacity 3612K, committed 3704K, reserved 1048576K
}
Event: 42.742 GC heap before
{Heap before GC invocations=72 (full 0):
 garbage-first heap   total 482304K, used 429324K [0x0000000741c00000, 0x0000000800000000)
  region size 1024K, 222 young (227328K), 1 survivors (1024K)
 Metaspace       used 31256K, capacity 31974K, committed 32120K, reserved 1077248K
  class space    used 3271K, capacity 3612K, committed 3704K, reserved 1048576K
}
Event: 42.743 GC heap after
{Heap after GC invocations=73 (full 0):
 garbage-first heap   total 482304K, used 204051K [0x0000000741c00000, 0x0000000800000000)
  region size 1024K, 1 young (1024K), 1 survivors (1024K)
 Metaspace       used 31256K, capacity 31974K, committed 32120K, reserved 1077248K
  class space    used 3271K, capacity 3612K, committed 3704K, reserved 1048576K
}
Event: 42.848 GC heap before
{Heap before GC invocations=73 (full 0):
 garbage-first heap   total 482304K, used 429331K [0x0000000741c00000, 0x0000000800000000)
  region size 1024K, 221 young (226304K), 1 survivors (1024K)
 Metaspace       used 31256K, capacity 31974K, committed 32120K, reserved 1077248K
  class space    used 3271K, capacity 3612K, committed 3704K, reserved 1048576K
}
Event: 42.849 GC heap after
{Heap after GC invocations=74 (full 0):
 garbage-first heap   total 482304K, used 204055K [0x0000000741c00000, 0x0000000800000000)
  region size 1024K, 1 young (1024K), 1 survivors (1024K)
 Metaspace       used 31256K, capacity 31974K, committed 32120K, reserved 1077248K
  class space    used 3271K, capacity 3612K, committed 3704K, reserved 1048576K
}
Event: 42.955 GC heap before
{Heap before GC invocations=74 (full 0):
 garbage-first heap   total 482304K, used 433431K [0x0000000741c00000, 0x0000000800000000)
  region size 1024K, 226 young (231424K), 1 survivors (1024K)
 Metaspace       used 31256K, capacity 31974K, committed 32120K, reserved 1077248K
  class space    used 3271K, capacity 3612K, committed 3704K, reserved 1048576K
}
Event: 42.956 GC heap after
{Heap after GC invocations=75 (full 0):
 garbage-first heap   total 482304K, used 204060K [0x0000000741c00000, 0x0000000800000000)
  region size 1024K, 1 young (1024K), 1 survivors (1024K)
 Metaspace       used 31256K, capacity 31974K, committed 32120K, reserved 1077248K
  class space    used 3271K, capacity 3612K, committed 3704K, reserved 1048576K
}
Event: 43.091 GC heap before
{Heap before GC invocations=75 (full 0):
 garbage-first heap   total 482304K, used 430364K [0x0000000741c00000, 0x0000000800000000)
  region size 1024K, 222 young (227328K), 1 survivors (1024K)
 Metaspace       used 31292K, capacity 32044K, committed 32376K, reserved 1077248K
  class space    used 3277K, capacity 3614K, committed 3704K, reserved 1048576K
}
Event: 43.093 GC heap after
{Heap after GC invocations=76 (full 0):
 garbage-first heap   total 482304K, used 204079K [0x0000000741c00000, 0x0000000800000000)
  region size 1024K, 1 young (1024K), 1 survivors (1024K)
 Metaspace       used 31292K, capacity 32044K, committed 32376K, reserved 1077248K
  class space    used 3277K, capacity 3614K, committed 3704K, reserved 1048576K
}

