# JRE version: Java(TM) SE Runtime Environment (11.0+28) (build 11+28)
# Java VM: Java HotSpot(TM) 64-Bit Server VM (11+28, mixed mode, tiered, compressed oops, g1 gc, windows-amd64)
Heap:
 garbage-first heap   total 271360K, used 196604K [0x0000000741c00000, 0x0000000800000000)
  region size 1024K, 112 young (114688K), 1 survivors (1024K)
 Metaspace       used 24823K, capacity 25488K, committed 25728K, reserved 1073152K
  class space    used 2548K, capacity 2839K, committed 2944K, reserved 1048576K
GC Heap History (10 events):
Event: 38.686 GC heap before
{Heap before GC invocations=95 (full 0):
 garbage-first heap   total 271360K, used 243675K [0x0000000741c00000, 0x0000000800000000)
  region size 1024K, 158 young (161792K), 1 survivors (1024K)
 Metaspace       used 24782K, capacity 25482K, committed 25728K, reserved 1073152K
  class space    used 2542K, capacity 2837K, committed 2944K, reserved 1048576K
}
Event: 38.687 GC heap after
{Heap after GC invocations=96 (full 0):
 garbage-first heap   total 271360K, used 83933K [0x0000000741c00000, 0x0000000800000000)
  region size 1024K, 1 young (1024K), 1 survivors (1024K)
 Metaspace       used 24782K, capacity 25482K, committed 25728K, reserved 1073152K
  class space    used 2542K, capacity 2837K, committed 2944K, reserved 1048576K
}
Event: 38.755 GC heap before
{Heap before GC invocations=96 (full 0):
 garbage-first heap   total 271360K, used 241629K [0x0000000741c00000, 0x0000000800000000)
  region size 1024K, 155 young (158720K), 1 survivors (1024K)
 Metaspace       used 24783K, capacity 25482K, committed 25728K, reserved 1073152K
  class space    used 2542K, capacity 2837K, committed 2944K, reserved 1048576K
}
Event: 38.755 GC heap after
{Heap after GC invocations=97 (full 0):
 garbage-first heap   total 271360K, used 83936K [0x0000000741c00000, 0x0000000800000000)
  region size 1024K, 1 young (1024K), 1 survivors (1024K)
 Metaspace       used 24783K, capacity 25482K, committed 25728K, reserved 1073152K
  class space    used 2542K, capacity 2837K, committed 2944K, reserved 1048576K
}
Event: 38.826 GC heap before
{Heap before GC invocations=97 (full 0):
 garbage-first heap   total 271360K, used 241632K [0x0000000741c00000, 0x0000000800000000)
  region size 1024K, 155 young (158720K), 1 survivors (1024K)
 Metaspace       used 24783K, capacity 25482K, committed 25728K, reserved 1073152K
  class space    used 2542K, capacity 2837K, committed 2944K, reserved 1048576K
}
Event: 38.827 GC heap after
{Heap after GC invocations=98 (full 0):
 garbage-first heap   total 271360K, used 83938K [0x0000000741c00000, 0x0000000800000000)
  region size 1024K, 1 young (1024K), 1 survivors (1024K)
 Metaspace       used 24783K, capacity 25482K, committed 25728K, reserved 1073152K
  class space    used 2542K, capacity 2837K, committed 2944K, reserved 1048576K
}
Event: 38.893 GC heap before
{Heap before GC invocations=98 (full 0):
 garbage-first heap   total 271360K, used 242658K [0x0000000741c00000, 0x0000000800000000)
  region size 1024K, 157 young (160768K), 1 survivors (1024K)
 Metaspace       used 24783K, capacity 25482K, committed 25728K, reserved 1073152K
  class space    used 2542K, capacity 2837K, committed 2944K, reserved 1048576K
}
Event: 38.893 GC heap after
{Heap after GC invocations=99 (full 0):
 garbage-first heap   total 271360K, used 83939K [0x0000000741c00000, 0x0000000800000000)
  region size 1024K, 1 young (1024K), 1 survivors (1024K)
 Metaspace       used 24783K, capacity 25482K, committed 25728K, reserved 1073152K
  class space    used 2542K, capacity 2837K, committed 2944K, reserved 1048576K
}
Event: 38.957 GC heap before
{Heap before GC invocations=99 (full 0):
 garbage-first heap   total 271360K, used 241635K [0x0000000741c00000, 0x0000000800000000)
  region size 1024K, 155 young (158720K), 1 survivors (1024K)
 Metaspace       used 24790K, capacity 25482K, committed 25728K, reserved 1073152K
  class space    used 2542K, capacity 2837K, committed 2944K, reserved 1048576K
}
Event: 38.957 GC heap after
{Heap after GC invocations=100 (full 0):
 garbage-first heap   total 271360K, used 83941K [0x0000000741c00000, 0x0000000800000000)
  region size 1024K, 1 young (1024K), 1 survivors (1024K)
 Metaspace       used 24790K, capacity 25482K, committed 25728K, reserved 1073152K
  class space    used 2542K, capacity 2837K, committed 2944K, reserved 1048576K
}

